{"/Users/tianzi/github/yara/speckit/backend/src/api/audio.ts": {"path":"/Users/tianzi/github/yara/speckit/backend/src/api/audio.ts","statementMap":{"0":{"start":{"line":1,"column":0},"end":{"line":1,"column":33}},"1":{"start":{"line":2,"column":0},"end":{"line":2,"column":58}},"2":{"start":{"line":3,"column":0},"end":{"line":3,"column":46}},"3":{"start":{"line":4,"column":0},"end":{"line":4,"column":28}},"4":{"start":{"line":5,"column":0},"end":{"line":5,"column":36}},"5":{"start":{"line":6,"column":0},"end":{"line":6,"column":65}},"6":{"start":{"line":7,"column":0},"end":{"line":7,"column":80}},"7":{"start":{"line":8,"column":0},"end":{"line":8,"column":20}},"8":{"start":{"line":9,"column":0},"end":{"line":9,"column":20}},"9":{"start":{"line":10,"column":0},"end":{"line":10,"column":24}},"10":{"start":{"line":12,"column":0},"end":{"line":12,"column":35}},"11":{"start":{"line":14,"column":15},"end":{"line":14,"column":23}},"12":{"start":{"line":264,"column":9},"end":{"line":264,"column":15}},"13":{"start":{"line":15,"column":0},"end":{"line":15,"column":35}},"14":{"start":{"line":16,"column":14},"end":{"line":16,"column":43}},"15":{"start":{"line":18,"column":0},"end":{"line":63,"column":3}},"16":{"start":{"line":19,"column":4},"end":{"line":19,"column":63}},"17":{"start":{"line":20,"column":24},"end":{"line":20,"column":34}},"18":{"start":{"line":21,"column":33},"end":{"line":21,"column":41}},"19":{"start":{"line":22,"column":19},"end":{"line":22,"column":31}},"20":{"start":{"line":24,"column":4},"end":{"line":26,"column":5}},"21":{"start":{"line":25,"column":8},"end":{"line":25,"column":71}},"22":{"start":{"line":28,"column":4},"end":{"line":62,"column":5}},"23":{"start":{"line":30,"column":8},"end":{"line":32,"column":9}},"24":{"start":{"line":31,"column":12},"end":{"line":31,"column":107}},"25":{"start":{"line":33,"column":33},"end":{"line":33,"column":47}},"26":{"start":{"line":35,"column":8},"end":{"line":37,"column":9}},"27":{"start":{"line":36,"column":12},"end":{"line":36,"column":106}},"28":{"start":{"line":38,"column":33},"end":{"line":38,"column":47}},"29":{"start":{"line":40,"column":8},"end":{"line":42,"column":9}},"30":{"start":{"line":41,"column":12},"end":{"line":41,"column":80}},"31":{"start":{"line":44,"column":33},"end":{"line":49,"column":11}},"32":{"start":{"line":44,"column":58},"end":{"line":49,"column":10}},"33":{"start":{"line":46,"column":71},"end":{"line":46,"column":97}},"34":{"start":{"line":47,"column":44},"end":{"line":47,"column":86}},"35":{"start":{"line":53,"column":33},"end":{"line":56,"column":11}},"36":{"start":{"line":53,"column":67},"end":{"line":56,"column":10}},"37":{"start":{"line":58,"column":29},"end":{"line":58,"column":88}},"38":{"start":{"line":59,"column":8},"end":{"line":59,"column":57}},"39":{"start":{"line":61,"column":8},"end":{"line":61,"column":20}},"40":{"start":{"line":66,"column":20},"end":{"line":66,"column":82}},"41":{"start":{"line":66,"column":55},"end":{"line":66,"column":82}},"42":{"start":{"line":69,"column":28},"end":{"line":76,"column":1}},"43":{"start":{"line":73,"column":17},"end":{"line":73,"column":29}},"44":{"start":{"line":74,"column":21},"end":{"line":74,"column":76}},"45":{"start":{"line":74,"column":40},"end":{"line":74,"column":75}},"46":{"start":{"line":75,"column":4},"end":{"line":75,"column":24}},"47":{"start":{"line":78,"column":0},"end":{"line":175,"column":5}},"48":{"start":{"line":79,"column":4},"end":{"line":79,"column":39}},"49":{"start":{"line":82,"column":4},"end":{"line":84,"column":5}},"50":{"start":{"line":83,"column":8},"end":{"line":83,"column":42}},"51":{"start":{"line":86,"column":19},"end":{"line":86,"column":51}},"52":{"start":{"line":87,"column":97},"end":{"line":87,"column":99}},"53":{"start":{"line":88,"column":46},"end":{"line":88,"column":48}},"54":{"start":{"line":90,"column":4},"end":{"line":93,"column":7}},"55":{"start":{"line":91,"column":6},"end":{"line":91,"column":59}},"56":{"start":{"line":92,"column":6},"end":{"line":92,"column":30}},"57":{"start":{"line":95,"column":4},"end":{"line":101,"column":7}},"58":{"start":{"line":96,"column":49},"end":{"line":96,"column":53}},"59":{"start":{"line":97,"column":8},"end":{"line":97,"column":118}},"60":{"start":{"line":98,"column":23},"end":{"line":98,"column":55}},"61":{"start":{"line":99,"column":8},"end":{"line":99,"column":90}},"62":{"start":{"line":100,"column":8},"end":{"line":100,"column":48}},"63":{"start":{"line":103,"column":4},"end":{"line":172,"column":7}},"64":{"start":{"line":104,"column":6},"end":{"line":171,"column":7}},"65":{"start":{"line":105,"column":8},"end":{"line":105,"column":53}},"66":{"start":{"line":106,"column":32},"end":{"line":106,"column":38}},"67":{"start":{"line":107,"column":23},"end":{"line":107,"column":35}},"68":{"start":{"line":110,"column":8},"end":{"line":112,"column":9}},"69":{"start":{"line":111,"column":12},"end":{"line":111,"column":104}},"70":{"start":{"line":113,"column":31},"end":{"line":113,"column":61}},"71":{"start":{"line":115,"column":38},"end":{"line":115,"column":40}},"72":{"start":{"line":116,"column":8},"end":{"line":118,"column":9}},"73":{"start":{"line":117,"column":12},"end":{"line":117,"column":97}},"74":{"start":{"line":117,"column":55},"end":{"line":117,"column":65}},"75":{"start":{"line":117,"column":81},"end":{"line":117,"column":95}},"76":{"start":{"line":120,"column":8},"end":{"line":161,"column":9}},"77":{"start":{"line":121,"column":29},"end":{"line":121,"column":42}},"78":{"start":{"line":122,"column":10},"end":{"line":160,"column":11}},"79":{"start":{"line":123,"column":53},"end":{"line":123,"column":63}},"80":{"start":{"line":124,"column":12},"end":{"line":124,"column":56}},"81":{"start":{"line":125,"column":29},"end":{"line":125,"column":54}},"82":{"start":{"line":126,"column":31},"end":{"line":126,"column":72}},"83":{"start":{"line":128,"column":12},"end":{"line":131,"column":15}},"84":{"start":{"line":132,"column":12},"end":{"line":132,"column":70}},"85":{"start":{"line":134,"column":12},"end":{"line":134,"column":36}},"86":{"start":{"line":136,"column":24},"end":{"line":136,"column":140}},"87":{"start":{"line":137,"column":27},"end":{"line":137,"column":72}},"88":{"start":{"line":139,"column":28},"end":{"line":139,"column":36}},"89":{"start":{"line":140,"column":40},"end":{"line":140,"column":85}},"90":{"start":{"line":142,"column":12},"end":{"line":142,"column":81}},"91":{"start":{"line":143,"column":12},"end":{"line":152,"column":15}},"92":{"start":{"line":153,"column":12},"end":{"line":153,"column":56}},"93":{"start":{"line":156,"column":12},"end":{"line":159,"column":15}},"94":{"start":{"line":157,"column":35},"end":{"line":157,"column":69}},"95":{"start":{"line":158,"column":16},"end":{"line":158,"column":93}},"96":{"start":{"line":162,"column":8},"end":{"line":164,"column":9}},"97":{"start":{"line":163,"column":12},"end":{"line":163,"column":104}},"98":{"start":{"line":166,"column":10},"end":{"line":170,"column":11}},"99":{"start":{"line":167,"column":12},"end":{"line":167,"column":24}},"100":{"start":{"line":169,"column":12},"end":{"line":169,"column":63}},"101":{"start":{"line":174,"column":4},"end":{"line":174,"column":21}},"102":{"start":{"line":177,"column":0},"end":{"line":210,"column":5}},"103":{"start":{"line":178,"column":18},"end":{"line":178,"column":27}},"104":{"start":{"line":179,"column":19},"end":{"line":179,"column":31}},"105":{"start":{"line":182,"column":4},"end":{"line":184,"column":5}},"106":{"start":{"line":183,"column":6},"end":{"line":183,"column":112}},"107":{"start":{"line":185,"column":27},"end":{"line":185,"column":53}},"108":{"start":{"line":187,"column":21},"end":{"line":187,"column":66}},"109":{"start":{"line":188,"column":26},"end":{"line":188,"column":45}},"110":{"start":{"line":190,"column":4},"end":{"line":193,"column":5}},"111":{"start":{"line":191,"column":8},"end":{"line":191,"column":40}},"112":{"start":{"line":192,"column":8},"end":{"line":192,"column":51}},"113":{"start":{"line":195,"column":4},"end":{"line":209,"column":5}},"114":{"start":{"line":196,"column":23},"end":{"line":199,"column":14}},"115":{"start":{"line":201,"column":22},"end":{"line":201,"column":97}},"116":{"start":{"line":201,"column":86},"end":{"line":201,"column":96}},"117":{"start":{"line":204,"column":6},"end":{"line":204,"column":35}},"118":{"start":{"line":206,"column":6},"end":{"line":206,"column":36}},"119":{"start":{"line":208,"column":6},"end":{"line":208,"column":18}},"120":{"start":{"line":212,"column":0},"end":{"line":257,"column":3}},"121":{"start":{"line":213,"column":24},"end":{"line":213,"column":34}},"122":{"start":{"line":214,"column":19},"end":{"line":214,"column":31}},"123":{"start":{"line":217,"column":4},"end":{"line":219,"column":5}},"124":{"start":{"line":218,"column":8},"end":{"line":218,"column":103}},"125":{"start":{"line":220,"column":29},"end":{"line":220,"column":43}},"126":{"start":{"line":223,"column":4},"end":{"line":223,"column":32}},"127":{"start":{"line":225,"column":4},"end":{"line":256,"column":5}},"128":{"start":{"line":226,"column":23},"end":{"line":226,"column":81}},"129":{"start":{"line":227,"column":24},"end":{"line":227,"column":42}},"130":{"start":{"line":229,"column":8},"end":{"line":231,"column":9}},"131":{"start":{"line":230,"column":12},"end":{"line":230,"column":77}},"132":{"start":{"line":233,"column":21},"end":{"line":233,"column":35}},"133":{"start":{"line":234,"column":8},"end":{"line":250,"column":9}},"134":{"start":{"line":235,"column":12},"end":{"line":249,"column":13}},"135":{"start":{"line":238,"column":31},"end":{"line":238,"column":53}},"136":{"start":{"line":239,"column":33},"end":{"line":239,"column":48}},"137":{"start":{"line":240,"column":36},"end":{"line":240,"column":60}},"138":{"start":{"line":241,"column":16},"end":{"line":245,"column":17}},"139":{"start":{"line":242,"column":37},"end":{"line":242,"column":68}},"140":{"start":{"line":243,"column":20},"end":{"line":243,"column":75}},"141":{"start":{"line":244,"column":20},"end":{"line":244,"column":67}},"142":{"start":{"line":247,"column":16},"end":{"line":247,"column":103}},"143":{"start":{"line":252,"column":8},"end":{"line":252,"column":30}},"144":{"start":{"line":253,"column":8},"end":{"line":253,"column":79}},"145":{"start":{"line":255,"column":8},"end":{"line":255,"column":20}},"146":{"start":{"line":259,"column":0},"end":{"line":262,"column":3}},"147":{"start":{"line":260,"column":4},"end":{"line":260,"column":68}},"148":{"start":{"line":261,"column":4},"end":{"line":261,"column":11}}},"fnMap":{"0":{"name":"(anonymous_1)","decl":{"start":{"line":18,"column":42},"end":{"line":18,"column":47}},"loc":{"start":{"line":18,"column":82},"end":{"line":63,"column":1}}},"1":{"name":"(anonymous_2)","decl":{"start":{"line":44,"column":45},"end":{"line":44,"column":46}},"loc":{"start":{"line":44,"column":58},"end":{"line":49,"column":10}}},"2":{"name":"(anonymous_3)","decl":{"start":{"line":46,"column":59},"end":{"line":46,"column":60}},"loc":{"start":{"line":46,"column":71},"end":{"line":46,"column":97}}},"3":{"name":"(anonymous_4)","decl":{"start":{"line":47,"column":31},"end":{"line":47,"column":32}},"loc":{"start":{"line":47,"column":44},"end":{"line":47,"column":86}}},"4":{"name":"(anonymous_5)","decl":{"start":{"line":53,"column":54},"end":{"line":53,"column":55}},"loc":{"start":{"line":53,"column":67},"end":{"line":56,"column":10}}},"5":{"name":"(anonymous_6)","decl":{"start":{"line":66,"column":20},"end":{"line":66,"column":21}},"loc":{"start":{"line":66,"column":55},"end":{"line":66,"column":82}}},"6":{"name":"(anonymous_7)","decl":{"start":{"line":69,"column":28},"end":{"line":69,"column":29}},"loc":{"start":{"line":69,"column":47},"end":{"line":76,"column":1}}},"7":{"name":"(anonymous_8)","decl":{"start":{"line":74,"column":33},"end":{"line":74,"column":36}},"loc":{"start":{"line":74,"column":40},"end":{"line":74,"column":75}}},"8":{"name":"(anonymous_9)","decl":{"start":{"line":78,"column":35},"end":{"line":78,"column":36}},"loc":{"start":{"line":78,"column":69},"end":{"line":175,"column":3}}},"9":{"name":"(anonymous_10)","decl":{"start":{"line":90,"column":23},"end":{"line":90,"column":24}},"loc":{"start":{"line":90,"column":42},"end":{"line":93,"column":5}}},"10":{"name":"(anonymous_11)","decl":{"start":{"line":95,"column":22},"end":{"line":95,"column":23}},"loc":{"start":{"line":95,"column":48},"end":{"line":101,"column":5}}},"11":{"name":"(anonymous_12)","decl":{"start":{"line":103,"column":24},"end":{"line":103,"column":29}},"loc":{"start":{"line":103,"column":35},"end":{"line":172,"column":5}}},"12":{"name":"(anonymous_13)","decl":{"start":{"line":117,"column":48},"end":{"line":117,"column":51}},"loc":{"start":{"line":117,"column":55},"end":{"line":117,"column":65}}},"13":{"name":"(anonymous_14)","decl":{"start":{"line":117,"column":74},"end":{"line":117,"column":77}},"loc":{"start":{"line":117,"column":81},"end":{"line":117,"column":95}}},"14":{"name":"(anonymous_15)","decl":{"start":{"line":156,"column":41},"end":{"line":156,"column":46}},"loc":{"start":{"line":156,"column":73},"end":{"line":159,"column":13}}},"15":{"name":"(anonymous_16)","decl":{"start":{"line":177,"column":34},"end":{"line":177,"column":39}},"loc":{"start":{"line":177,"column":74},"end":{"line":210,"column":3}}},"16":{"name":"(anonymous_17)","decl":{"start":{"line":201,"column":40},"end":{"line":201,"column":41}},"loc":{"start":{"line":201,"column":86},"end":{"line":201,"column":96}}},"17":{"name":"(anonymous_18)","decl":{"start":{"line":212,"column":39},"end":{"line":212,"column":44}},"loc":{"start":{"line":212,"column":79},"end":{"line":257,"column":1}}},"18":{"name":"(anonymous_19)","decl":{"start":{"line":259,"column":11},"end":{"line":259,"column":12}},"loc":{"start":{"line":259,"column":30},"end":{"line":262,"column":1}}}},"branchMap":{"0":{"loc":{"start":{"line":24,"column":4},"end":{"line":26,"column":5}},"type":"if","locations":[{"start":{"line":24,"column":4},"end":{"line":26,"column":5}}]},"1":{"loc":{"start":{"line":30,"column":8},"end":{"line":32,"column":9}},"type":"if","locations":[{"start":{"line":30,"column":8},"end":{"line":32,"column":9}}]},"2":{"loc":{"start":{"line":30,"column":12},"end":{"line":30,"column":82}},"type":"binary-expr","locations":[{"start":{"line":30,"column":12},"end":{"line":30,"column":20}},{"start":{"line":30,"column":24},"end":{"line":30,"column":51}},{"start":{"line":30,"column":55},"end":{"line":30,"column":82}}]},"3":{"loc":{"start":{"line":35,"column":8},"end":{"line":37,"column":9}},"type":"if","locations":[{"start":{"line":35,"column":8},"end":{"line":37,"column":9}}]},"4":{"loc":{"start":{"line":35,"column":12},"end":{"line":35,"column":82}},"type":"binary-expr","locations":[{"start":{"line":35,"column":12},"end":{"line":35,"column":20}},{"start":{"line":35,"column":24},"end":{"line":35,"column":51}},{"start":{"line":35,"column":55},"end":{"line":35,"column":82}}]},"5":{"loc":{"start":{"line":40,"column":8},"end":{"line":42,"column":9}},"type":"if","locations":[{"start":{"line":40,"column":8},"end":{"line":42,"column":9}}]},"6":{"loc":{"start":{"line":45,"column":18},"end":{"line":45,"column":75}},"type":"cond-expr","locations":[{"start":{"line":45,"column":60},"end":{"line":45,"column":66}},{"start":{"line":45,"column":69},"end":{"line":45,"column":75}}]},"7":{"loc":{"start":{"line":45,"column":18},"end":{"line":45,"column":57}},"type":"binary-expr","locations":[{"start":{"line":45,"column":18},"end":{"line":45,"column":35}},{"start":{"line":45,"column":39},"end":{"line":45,"column":57}}]},"8":{"loc":{"start":{"line":46,"column":19},"end":{"line":48,"column":33}},"type":"cond-expr","locations":[{"start":{"line":47,"column":19},"end":{"line":47,"column":88}},{"start":{"line":48,"column":19},"end":{"line":48,"column":33}}]},"9":{"loc":{"start":{"line":46,"column":19},"end":{"line":46,"column":98}},"type":"binary-expr","locations":[{"start":{"line":46,"column":19},"end":{"line":46,"column":41}},{"start":{"line":46,"column":45},"end":{"line":46,"column":98}}]},"10":{"loc":{"start":{"line":82,"column":4},"end":{"line":84,"column":5}},"type":"if","locations":[{"start":{"line":82,"column":4},"end":{"line":84,"column":5}}]},"11":{"loc":{"start":{"line":82,"column":8},"end":{"line":82,"column":32}},"type":"binary-expr","locations":[{"start":{"line":82,"column":8},"end":{"line":82,"column":16}},{"start":{"line":82,"column":20},"end":{"line":82,"column":32}}]},"12":{"loc":{"start":{"line":110,"column":8},"end":{"line":112,"column":9}},"type":"if","locations":[{"start":{"line":110,"column":8},"end":{"line":112,"column":9}}]},"13":{"loc":{"start":{"line":110,"column":12},"end":{"line":110,"column":76}},"type":"binary-expr","locations":[{"start":{"line":110,"column":12},"end":{"line":110,"column":18}},{"start":{"line":110,"column":22},"end":{"line":110,"column":47}},{"start":{"line":110,"column":51},"end":{"line":110,"column":76}}]},"14":{"loc":{"start":{"line":116,"column":8},"end":{"line":118,"column":9}},"type":"if","locations":[{"start":{"line":116,"column":8},"end":{"line":118,"column":9}}]},"15":{"loc":{"start":{"line":116,"column":12},"end":{"line":116,"column":44}},"type":"binary-expr","locations":[{"start":{"line":116,"column":12},"end":{"line":116,"column":16}},{"start":{"line":116,"column":20},"end":{"line":116,"column":44}}]},"16":{"loc":{"start":{"line":122,"column":10},"end":{"line":160,"column":11}},"type":"if","locations":[{"start":{"line":122,"column":10},"end":{"line":160,"column":11}}]},"17":{"loc":{"start":{"line":162,"column":8},"end":{"line":164,"column":9}},"type":"if","locations":[{"start":{"line":162,"column":8},"end":{"line":164,"column":9}}]},"18":{"loc":{"start":{"line":166,"column":10},"end":{"line":170,"column":11}},"type":"if","locations":[{"start":{"line":166,"column":10},"end":{"line":170,"column":11}},{"start":{"line":168,"column":17},"end":{"line":170,"column":11}}]},"19":{"loc":{"start":{"line":182,"column":4},"end":{"line":184,"column":5}},"type":"if","locations":[{"start":{"line":182,"column":4},"end":{"line":184,"column":5}}]},"20":{"loc":{"start":{"line":182,"column":8},"end":{"line":182,"column":60}},"type":"binary-expr","locations":[{"start":{"line":182,"column":8},"end":{"line":182,"column":10}},{"start":{"line":182,"column":14},"end":{"line":182,"column":35}},{"start":{"line":182,"column":39},"end":{"line":182,"column":60}}]},"21":{"loc":{"start":{"line":190,"column":4},"end":{"line":193,"column":5}},"type":"if","locations":[{"start":{"line":190,"column":4},"end":{"line":193,"column":5}}]},"22":{"loc":{"start":{"line":217,"column":4},"end":{"line":219,"column":5}},"type":"if","locations":[{"start":{"line":217,"column":4},"end":{"line":219,"column":5}}]},"23":{"loc":{"start":{"line":217,"column":8},"end":{"line":217,"column":78}},"type":"binary-expr","locations":[{"start":{"line":217,"column":8},"end":{"line":217,"column":16}},{"start":{"line":217,"column":20},"end":{"line":217,"column":47}},{"start":{"line":217,"column":51},"end":{"line":217,"column":78}}]},"24":{"loc":{"start":{"line":229,"column":8},"end":{"line":231,"column":9}},"type":"if","locations":[{"start":{"line":229,"column":8},"end":{"line":231,"column":9}}]},"25":{"loc":{"start":{"line":234,"column":8},"end":{"line":250,"column":9}},"type":"if","locations":[{"start":{"line":234,"column":8},"end":{"line":250,"column":9}}]},"26":{"loc":{"start":{"line":234,"column":12},"end":{"line":234,"column":33}},"type":"binary-expr","locations":[{"start":{"line":234,"column":12},"end":{"line":234,"column":16}},{"start":{"line":234,"column":20},"end":{"line":234,"column":33}}]},"27":{"loc":{"start":{"line":241,"column":16},"end":{"line":245,"column":17}},"type":"if","locations":[{"start":{"line":241,"column":16},"end":{"line":245,"column":17}}]}},"s":{"0":3,"1":3,"2":3,"3":3,"4":3,"5":3,"6":3,"7":3,"8":3,"9":3,"10":3,"11":3,"12":3,"13":3,"14":3,"15":3,"16":4,"17":4,"18":4,"19":4,"20":4,"21":1,"22":3,"23":3,"24":0,"25":3,"26":3,"27":1,"28":2,"29":2,"30":1,"31":1,"32":1,"33":0,"34":0,"35":1,"36":1,"37":1,"38":1,"39":0,"40":3,"41":6,"42":3,"43":5,"44":5,"45":2,"46":5,"47":3,"48":3,"49":3,"50":3,"51":3,"52":3,"53":3,"54":3,"55":1,"56":1,"57":3,"58":3,"59":3,"60":3,"61":3,"62":3,"63":3,"64":3,"65":3,"66":3,"67":3,"68":3,"69":2,"70":1,"71":1,"72":1,"73":0,"74":0,"75":0,"76":1,"77":1,"78":1,"79":1,"80":1,"81":1,"82":1,"83":1,"84":1,"85":1,"86":1,"87":1,"88":1,"89":1,"90":1,"91":1,"92":1,"93":1,"94":1,"95":1,"96":1,"97":1,"98":0,"99":0,"100":0,"101":3,"102":3,"103":9,"104":9,"105":9,"106":3,"107":6,"108":6,"109":6,"110":6,"111":1,"112":1,"113":5,"114":5,"115":5,"116":5,"117":5,"118":5,"119":0,"120":3,"121":3,"122":3,"123":3,"124":1,"125":2,"126":2,"127":2,"128":2,"129":2,"130":2,"131":0,"132":2,"133":2,"134":2,"135":2,"136":2,"137":2,"138":2,"139":1,"140":1,"141":1,"142":0,"143":2,"144":2,"145":0,"146":3,"147":0,"148":0},"f":{"0":4,"1":1,"2":0,"3":0,"4":1,"5":6,"6":5,"7":2,"8":3,"9":1,"10":3,"11":3,"12":0,"13":0,"14":1,"15":9,"16":5,"17":3,"18":0},"b":{"0":[1],"1":[0],"2":[3,3,3],"3":[1],"4":[3,3,3],"5":[1],"6":[1,0],"7":[1,0],"8":[0,1],"9":[1,0],"10":[3],"11":[3,3],"12":[2],"13":[3,1,1],"14":[0],"15":[1,0],"16":[1],"17":[1],"18":[0,0],"19":[3],"20":[9,7,7],"21":[1],"22":[1],"23":[3,3,3],"24":[0],"25":[2],"26":[2,2],"27":[1]}}
,"/Users/tianzi/github/yara/speckit/backend/src/config/firebaseAdmin.ts": {"path":"/Users/tianzi/github/yara/speckit/backend/src/config/firebaseAdmin.ts","statementMap":{"0":{"start":{"line":1,"column":0},"end":{"line":1,"column":35}},"1":{"start":{"line":2,"column":0},"end":{"line":2,"column":56}},"2":{"start":{"line":5,"column":0},"end":{"line":5,"column":28}},"3":{"start":{"line":6,"column":0},"end":{"line":6,"column":16}},"4":{"start":{"line":9,"column":4},"end":{"line":27,"column":5}},"5":{"start":{"line":10,"column":8},"end":{"line":26,"column":9}},"6":{"start":{"line":11,"column":12},"end":{"line":19,"column":15}},"7":{"start":{"line":21,"column":12},"end":{"line":25,"column":15}},"8":{"start":{"line":30,"column":0},"end":{"line":30,"column":21}},"9":{"start":{"line":32,"column":13},"end":{"line":32,"column":36}},"10":{"start":{"line":33,"column":13},"end":{"line":33,"column":48}},"11":{"start":{"line":34,"column":13},"end":{"line":34,"column":39}}},"fnMap":{"0":{"name":"initializeFirebase","decl":{"start":{"line":8,"column":9},"end":{"line":8,"column":27}},"loc":{"start":{"line":8,"column":27},"end":{"line":28,"column":1}}}},"branchMap":{"0":{"loc":{"start":{"line":9,"column":4},"end":{"line":27,"column":5}},"type":"if","locations":[{"start":{"line":9,"column":4},"end":{"line":27,"column":5}}]},"1":{"loc":{"start":{"line":9,"column":8},"end":{"line":9,"column":46}},"type":"binary-expr","locations":[{"start":{"line":9,"column":8},"end":{"line":9,"column":19}},{"start":{"line":9,"column":23},"end":{"line":9,"column":46}}]},"2":{"loc":{"start":{"line":10,"column":8},"end":{"line":26,"column":9}},"type":"if","locations":[{"start":{"line":10,"column":8},"end":{"line":26,"column":9}},{"start":{"line":20,"column":15},"end":{"line":26,"column":9}}]}},"s":{"0":4,"1":4,"2":4,"3":4,"4":4,"5":4,"6":4,"7":0,"8":4,"9":4,"10":4,"11":4},"f":{"0":4},"b":{"0":[4],"1":[4,0],"2":[4,0]}}
,"/Users/tianzi/github/yara/speckit/backend/src/middleware/auth.ts": {"path":"/Users/tianzi/github/yara/speckit/backend/src/middleware/auth.ts","statementMap":{"0":{"start":{"line":1,"column":0},"end":{"line":1,"column":45}},"1":{"start":{"line":4,"column":26},"end":{"line":22,"column":1}},"2":{"start":{"line":5,"column":21},"end":{"line":5,"column":46}},"3":{"start":{"line":6,"column":2},"end":{"line":8,"column":3}},"4":{"start":{"line":7,"column":4},"end":{"line":7,"column":78}},"5":{"start":{"line":9,"column":18},"end":{"line":9,"column":48}},"6":{"start":{"line":10,"column":2},"end":{"line":21,"column":3}},"7":{"start":{"line":12,"column":25},"end":{"line":12,"column":64}},"8":{"start":{"line":13,"column":5},"end":{"line":13,"column":37}},"9":{"start":{"line":14,"column":4},"end":{"line":14,"column":11}},"10":{"start":{"line":16,"column":4},"end":{"line":16,"column":56}},"11":{"start":{"line":17,"column":4},"end":{"line":19,"column":5}},"12":{"start":{"line":18,"column":6},"end":{"line":18,"column":76}},"13":{"start":{"line":20,"column":4},"end":{"line":20,"column":74}},"14":{"start":{"line":4,"column":13},"end":{"line":4,"column":26}}},"fnMap":{"0":{"name":"(anonymous_0)","decl":{"start":{"line":4,"column":26},"end":{"line":4,"column":31}},"loc":{"start":{"line":4,"column":84},"end":{"line":22,"column":1}}}},"branchMap":{"0":{"loc":{"start":{"line":6,"column":2},"end":{"line":8,"column":3}},"type":"if","locations":[{"start":{"line":6,"column":2},"end":{"line":8,"column":3}}]},"1":{"loc":{"start":{"line":6,"column":6},"end":{"line":6,"column":54}},"type":"binary-expr","locations":[{"start":{"line":6,"column":6},"end":{"line":6,"column":17}},{"start":{"line":6,"column":21},"end":{"line":6,"column":54}}]},"2":{"loc":{"start":{"line":17,"column":4},"end":{"line":19,"column":5}},"type":"if","locations":[{"start":{"line":17,"column":4},"end":{"line":19,"column":5}}]}},"s":{"0":4,"1":4,"2":25,"3":25,"4":3,"5":22,"6":22,"7":22,"8":20,"9":20,"10":2,"11":2,"12":1,"13":1,"14":4},"f":{"0":25},"b":{"0":[3],"1":[25,23],"2":[1]}}
,"/Users/tianzi/github/yara/speckit/backend/src/services/aiTherapistService.ts": {"path":"/Users/tianzi/github/yara/speckit/backend/src/services/aiTherapistService.ts","statementMap":{"0":{"start":{"line":1,"column":0},"end":{"line":1,"column":59}},"1":{"start":{"line":2,"column":0},"end":{"line":2,"column":28}},"2":{"start":{"line":4,"column":0},"end":{"line":4,"column":16}},"3":{"start":{"line":6,"column":15},"end":{"line":6,"column":43}},"4":{"start":{"line":7,"column":0},"end":{"line":9,"column":1}},"5":{"start":{"line":8,"column":4},"end":{"line":8,"column":75}},"6":{"start":{"line":11,"column":14},"end":{"line":11,"column":59}},"7":{"start":{"line":12,"column":14},"end":{"line":15,"column":2}},"8":{"start":{"line":17,"column":29},"end":{"line":29,"column":1}},"9":{"start":{"line":18,"column":4},"end":{"line":18,"column":89}},"10":{"start":{"line":19,"column":4},"end":{"line":28,"column":5}},"11":{"start":{"line":20,"column":23},"end":{"line":20,"column":171}},"12":{"start":{"line":21,"column":23},"end":{"line":21,"column":58}},"13":{"start":{"line":22,"column":25},"end":{"line":22,"column":40}},"14":{"start":{"line":23,"column":21},"end":{"line":23,"column":36}},"15":{"start":{"line":24,"column":8},"end":{"line":24,"column":81}},"16":{"start":{"line":26,"column":8},"end":{"line":26,"column":62}},"17":{"start":{"line":27,"column":8},"end":{"line":27,"column":80}},"18":{"start":{"line":17,"column":13},"end":{"line":17,"column":29}},"19":{"start":{"line":31,"column":33},"end":{"line":60,"column":1}},"20":{"start":{"line":32,"column":4},"end":{"line":32,"column":78}},"21":{"start":{"line":33,"column":4},"end":{"line":59,"column":5}},"22":{"start":{"line":37,"column":31},"end":{"line":40,"column":11}},"23":{"start":{"line":37,"column":52},"end":{"line":40,"column":10}},"24":{"start":{"line":43,"column":8},"end":{"line":46,"column":9}},"25":{"start":{"line":44,"column":12},"end":{"line":44,"column":100}},"26":{"start":{"line":45,"column":12},"end":{"line":45,"column":37}},"27":{"start":{"line":48,"column":21},"end":{"line":50,"column":10}},"28":{"start":{"line":52,"column":23},"end":{"line":52,"column":54}},"29":{"start":{"line":53,"column":25},"end":{"line":53,"column":40}},"30":{"start":{"line":54,"column":21},"end":{"line":54,"column":36}},"31":{"start":{"line":55,"column":8},"end":{"line":55,"column":57}},"32":{"start":{"line":57,"column":8},"end":{"line":57,"column":60}},"33":{"start":{"line":58,"column":8},"end":{"line":58,"column":56}},"34":{"start":{"line":31,"column":13},"end":{"line":31,"column":33}}},"fnMap":{"0":{"name":"(anonymous_1)","decl":{"start":{"line":17,"column":29},"end":{"line":17,"column":34}},"loc":{"start":{"line":17,"column":78},"end":{"line":29,"column":1}}},"1":{"name":"(anonymous_2)","decl":{"start":{"line":31,"column":33},"end":{"line":31,"column":38}},"loc":{"start":{"line":31,"column":132},"end":{"line":60,"column":1}}},"2":{"name":"(anonymous_3)","decl":{"start":{"line":37,"column":43},"end":{"line":37,"column":47}},"loc":{"start":{"line":37,"column":52},"end":{"line":40,"column":10}}}},"branchMap":{"0":{"loc":{"start":{"line":7,"column":0},"end":{"line":9,"column":1}},"type":"if","locations":[{"start":{"line":7,"column":0},"end":{"line":9,"column":1}}]},"1":{"loc":{"start":{"line":11,"column":37},"end":{"line":11,"column":58}},"type":"binary-expr","locations":[{"start":{"line":11,"column":37},"end":{"line":11,"column":43}},{"start":{"line":11,"column":47},"end":{"line":11,"column":58}}]},"2":{"loc":{"start":{"line":24,"column":15},"end":{"line":24,"column":80}},"type":"binary-expr","locations":[{"start":{"line":24,"column":15},"end":{"line":24,"column":19}},{"start":{"line":24,"column":23},"end":{"line":24,"column":80}}]},"3":{"loc":{"start":{"line":43,"column":8},"end":{"line":46,"column":9}},"type":"if","locations":[{"start":{"line":43,"column":8},"end":{"line":46,"column":9}}]},"4":{"loc":{"start":{"line":43,"column":12},"end":{"line":43,"column":79}},"type":"binary-expr","locations":[{"start":{"line":43,"column":12},"end":{"line":43,"column":39}},{"start":{"line":43,"column":43},"end":{"line":43,"column":79}}]},"5":{"loc":{"start":{"line":55,"column":15},"end":{"line":55,"column":56}},"type":"binary-expr","locations":[{"start":{"line":55,"column":15},"end":{"line":55,"column":19}},{"start":{"line":55,"column":23},"end":{"line":55,"column":56}}]}},"s":{"0":1,"1":1,"2":1,"3":1,"4":1,"5":0,"6":1,"7":1,"8":1,"9":2,"10":2,"11":2,"12":2,"13":1,"14":1,"15":1,"16":1,"17":1,"18":1,"19":1,"20":3,"21":3,"22":3,"23":4,"24":3,"25":1,"26":1,"27":3,"28":3,"29":2,"30":2,"31":2,"32":1,"33":1,"34":1},"f":{"0":2,"1":3,"2":4},"b":{"0":[0],"1":[1,0],"2":[1,0],"3":[1],"4":[3,3],"5":[2,0]}}
,"/Users/tianzi/github/yara/speckit/backend/src/services/audioService.ts": {"path":"/Users/tianzi/github/yara/speckit/backend/src/services/audioService.ts","statementMap":{"0":{"start":{"line":1,"column":0},"end":{"line":1,"column":52}},"1":{"start":{"line":3,"column":0},"end":{"line":3,"column":65}},"2":{"start":{"line":4,"column":0},"end":{"line":4,"column":61}},"3":{"start":{"line":6,"column":27},"end":{"line":41,"column":1}},"4":{"start":{"line":7,"column":17},"end":{"line":7,"column":33}},"5":{"start":{"line":8,"column":19},"end":{"line":8,"column":50}},"6":{"start":{"line":9,"column":21},"end":{"line":9,"column":42}},"7":{"start":{"line":12,"column":2},"end":{"line":12,"column":36}},"8":{"start":{"line":13,"column":21},"end":{"line":16,"column":4}},"9":{"start":{"line":19,"column":17},"end":{"line":19,"column":50}},"10":{"start":{"line":20,"column":24},"end":{"line":20,"column":53}},"11":{"start":{"line":24,"column":21},"end":{"line":24,"column":55}},"12":{"start":{"line":28,"column":33},"end":{"line":28,"column":78}},"13":{"start":{"line":29,"column":53},"end":{"line":37,"column":4}},"14":{"start":{"line":38,"column":17},"end":{"line":38,"column":64}},"15":{"start":{"line":40,"column":2},"end":{"line":40,"column":50}},"16":{"start":{"line":6,"column":13},"end":{"line":6,"column":27}},"17":{"start":{"line":43,"column":29},"end":{"line":50,"column":1}},"18":{"start":{"line":44,"column":27},"end":{"line":44,"column":76}},"19":{"start":{"line":45,"column":18},"end":{"line":45,"column":46}},"20":{"start":{"line":46,"column":2},"end":{"line":48,"column":3}},"21":{"start":{"line":47,"column":4},"end":{"line":47,"column":85}},"22":{"start":{"line":49,"column":2},"end":{"line":49,"column":19}},"23":{"start":{"line":43,"column":13},"end":{"line":43,"column":29}}},"fnMap":{"0":{"name":"(anonymous_0)","decl":{"start":{"line":6,"column":27},"end":{"line":6,"column":32}},"loc":{"start":{"line":6,"column":124},"end":{"line":41,"column":1}}},"1":{"name":"(anonymous_1)","decl":{"start":{"line":43,"column":29},"end":{"line":43,"column":34}},"loc":{"start":{"line":43,"column":104},"end":{"line":50,"column":1}}}},"branchMap":{"0":{"loc":{"start":{"line":46,"column":2},"end":{"line":48,"column":3}},"type":"if","locations":[{"start":{"line":46,"column":2},"end":{"line":48,"column":3}}]}},"s":{"0":1,"1":1,"2":1,"3":1,"4":1,"5":1,"6":1,"7":1,"8":1,"9":1,"10":1,"11":1,"12":1,"13":1,"14":1,"15":1,"16":1,"17":1,"18":1,"19":1,"20":1,"21":1,"22":0,"23":1},"f":{"0":1,"1":1},"b":{"0":[1]}}
}
