TN:
SF:src/api/audio.ts
FN:18,(anonymous_1)
FN:44,(anonymous_2)
FN:46,(anonymous_3)
FN:47,(anonymous_4)
FN:53,(anonymous_5)
FN:66,(anonymous_6)
FN:69,(anonymous_7)
FN:74,(anonymous_8)
FN:78,(anonymous_9)
FN:90,(anonymous_10)
FN:95,(anonymous_11)
FN:103,(anonymous_12)
FN:117,(anonymous_13)
FN:117,(anonymous_14)
FN:156,(anonymous_15)
FN:177,(anonymous_16)
FN:201,(anonymous_17)
FN:212,(anonymous_18)
FN:259,(anonymous_19)
FNF:19
FNH:14
FNDA:4,(anonymous_1)
FNDA:1,(anonymous_2)
FNDA:0,(anonymous_3)
FNDA:0,(anonymous_4)
FNDA:1,(anonymous_5)
FNDA:6,(anonymous_6)
FNDA:5,(anonymous_7)
FNDA:2,(anonymous_8)
FNDA:3,(anonymous_9)
FNDA:1,(anonymous_10)
FNDA:3,(anonymous_11)
FNDA:3,(anonymous_12)
FNDA:0,(anonymous_13)
FNDA:0,(anonymous_14)
FNDA:1,(anonymous_15)
FNDA:9,(anonymous_16)
FNDA:5,(anonymous_17)
FNDA:3,(anonymous_18)
FNDA:0,(anonymous_19)
DA:1,3
DA:2,3
DA:3,3
DA:4,3
DA:5,3
DA:6,3
DA:7,3
DA:8,3
DA:9,3
DA:10,3
DA:12,3
DA:14,3
DA:15,3
DA:16,3
DA:18,3
DA:19,4
DA:20,4
DA:21,4
DA:22,4
DA:24,4
DA:25,1
DA:28,3
DA:30,3
DA:31,0
DA:33,3
DA:35,3
DA:36,1
DA:38,2
DA:40,2
DA:41,1
DA:44,1
DA:46,0
DA:47,0
DA:53,1
DA:58,1
DA:59,1
DA:61,0
DA:66,6
DA:69,3
DA:73,5
DA:74,5
DA:75,5
DA:78,3
DA:79,3
DA:82,3
DA:83,3
DA:86,3
DA:87,3
DA:88,3
DA:90,3
DA:91,1
DA:92,1
DA:95,3
DA:96,3
DA:97,3
DA:98,3
DA:99,3
DA:100,3
DA:103,3
DA:104,3
DA:105,3
DA:106,3
DA:107,3
DA:110,3
DA:111,2
DA:113,1
DA:115,1
DA:116,1
DA:117,0
DA:120,1
DA:121,1
DA:122,1
DA:123,1
DA:124,1
DA:125,1
DA:126,1
DA:128,1
DA:132,1
DA:134,1
DA:136,1
DA:137,1
DA:139,1
DA:140,1
DA:142,1
DA:143,1
DA:153,1
DA:156,1
DA:157,1
DA:158,1
DA:162,1
DA:163,1
DA:166,0
DA:167,0
DA:169,0
DA:174,3
DA:177,3
DA:178,9
DA:179,9
DA:182,9
DA:183,3
DA:185,6
DA:187,6
DA:188,6
DA:190,6
DA:191,1
DA:192,1
DA:195,5
DA:196,5
DA:201,5
DA:204,5
DA:206,5
DA:208,0
DA:212,3
DA:213,3
DA:214,3
DA:217,3
DA:218,1
DA:220,2
DA:223,2
DA:225,2
DA:226,2
DA:227,2
DA:229,2
DA:230,0
DA:233,2
DA:234,2
DA:235,2
DA:238,2
DA:239,2
DA:240,2
DA:241,2
DA:242,1
DA:243,1
DA:244,1
DA:247,0
DA:252,2
DA:253,2
DA:255,0
DA:259,3
DA:260,0
DA:261,0
DA:264,3
LF:142
LH:128
BRDA:24,0,0,1
BRDA:30,1,0,0
BRDA:30,2,0,3
BRDA:30,2,1,3
BRDA:30,2,2,3
BRDA:35,3,0,1
BRDA:35,4,0,3
BRDA:35,4,1,3
BRDA:35,4,2,3
BRDA:40,5,0,1
BRDA:45,6,0,1
BRDA:45,6,1,0
BRDA:45,7,0,1
BRDA:45,7,1,0
BRDA:46,8,0,0
BRDA:46,8,1,1
BRDA:46,9,0,1
BRDA:46,9,1,0
BRDA:82,10,0,3
BRDA:82,11,0,3
BRDA:82,11,1,3
BRDA:110,12,0,2
BRDA:110,13,0,3
BRDA:110,13,1,1
BRDA:110,13,2,1
BRDA:116,14,0,0
BRDA:116,15,0,1
BRDA:116,15,1,0
BRDA:122,16,0,1
BRDA:162,17,0,1
BRDA:166,18,0,0
BRDA:166,18,1,0
BRDA:182,19,0,3
BRDA:182,20,0,9
BRDA:182,20,1,7
BRDA:182,20,2,7
BRDA:190,21,0,1
BRDA:217,22,0,1
BRDA:217,23,0,3
BRDA:217,23,1,3
BRDA:217,23,2,3
BRDA:229,24,0,0
BRDA:234,25,0,2
BRDA:234,26,0,2
BRDA:234,26,1,2
BRDA:241,27,0,1
BRF:46
BRH:36
end_of_record
TN:
SF:src/config/firebaseAdmin.ts
FN:8,initializeFirebase
FNF:1
FNH:1
FNDA:4,initializeFirebase
DA:1,4
DA:2,4
DA:5,4
DA:6,4
DA:9,4
DA:10,4
DA:11,4
DA:21,0
DA:30,4
DA:32,4
DA:33,4
DA:34,4
LF:12
LH:11
BRDA:9,0,0,4
BRDA:9,1,0,4
BRDA:9,1,1,0
BRDA:10,2,0,4
BRDA:10,2,1,0
BRF:5
BRH:3
end_of_record
TN:
SF:src/middleware/auth.ts
FN:4,(anonymous_0)
FNF:1
FNH:1
FNDA:25,(anonymous_0)
DA:1,4
DA:4,4
DA:5,25
DA:6,25
DA:7,3
DA:9,22
DA:10,22
DA:12,22
DA:13,20
DA:14,20
DA:16,2
DA:17,2
DA:18,1
DA:20,1
LF:14
LH:14
BRDA:6,0,0,3
BRDA:6,1,0,25
BRDA:6,1,1,23
BRDA:17,2,0,1
BRF:4
BRH:4
end_of_record
TN:
SF:src/services/aiTherapistService.ts
FN:17,(anonymous_1)
FN:31,(anonymous_2)
FN:37,(anonymous_3)
FNF:3
FNH:3
FNDA:2,(anonymous_1)
FNDA:3,(anonymous_2)
FNDA:4,(anonymous_3)
DA:1,1
DA:2,1
DA:4,1
DA:6,1
DA:7,1
DA:8,0
DA:11,1
DA:12,1
DA:17,1
DA:18,2
DA:19,2
DA:20,2
DA:21,2
DA:22,1
DA:23,1
DA:24,1
DA:26,1
DA:27,1
DA:31,1
DA:32,3
DA:33,3
DA:37,4
DA:43,3
DA:44,1
DA:45,1
DA:48,3
DA:52,3
DA:53,2
DA:54,2
DA:55,2
DA:57,1
DA:58,1
LF:32
LH:31
BRDA:7,0,0,0
BRDA:11,1,0,1
BRDA:11,1,1,0
BRDA:24,2,0,1
BRDA:24,2,1,0
BRDA:43,3,0,1
BRDA:43,4,0,3
BRDA:43,4,1,3
BRDA:55,5,0,2
BRDA:55,5,1,0
BRF:10
BRH:6
end_of_record
TN:
SF:src/services/audioService.ts
FN:6,(anonymous_0)
FN:43,(anonymous_1)
FNF:2
FNH:2
FNDA:1,(anonymous_0)
FNDA:1,(anonymous_1)
DA:1,1
DA:3,1
DA:4,1
DA:6,1
DA:7,1
DA:8,1
DA:9,1
DA:12,1
DA:13,1
DA:19,1
DA:20,1
DA:24,1
DA:28,1
DA:29,1
DA:38,1
DA:40,1
DA:43,1
DA:44,1
DA:45,1
DA:46,1
DA:47,1
DA:49,0
LF:22
LH:21
BRDA:46,0,0,1
BRF:1
BRH:1
end_of_record
